*** USING INTERPOLATION AND SUMMARIES (DPRODUCE_PROOF is on) ***


*** EXECUTE WITH OPTIMIZATIONS (DDISABLE_OPTIMIZATIONS is off) ***

Loading `main1.c' ...
Parsing main1.c
file <command-line> line 0: <command-line>:0:0: warning: "__STDC_VERSION__" redefined
<built-in>: note: this is the location of the previous definition
Converting
Type-checking main1
file main1.c line 44 function main: function `assert' is not declared
Generating GOTO Program
Ignoring CPROVER library
Removal of function pointers and virtual functions
Generic Property Instrumentation
    LOAD Time: 1.053 sec.
Total number of claims in program...(1)
A specific claim is not set, nor any other claim specification is set.
Warrning: --claim is set to 1.
; Warning: disabling SATElite preprocessing to track proof
Adding Type Constraints (1) for type constraints on non-deterministic input
Use QF_LIA logic.
    Checking Claim #1 (100%) ...
*** INLINING function: __CPROVER_initialize
*** INLINING function: main
Processing a deferred function: __CPROVER_initialize
Processing a deferred function: main
*** INLINING function: getchar
*** INLINING function: getchar
*** INLINING function: choice
Processing a deferred function: getchar
Processing a deferred function: getchar
Processing a deferred function: choice
*** INLINING function: getchar
*** INLINING function: getchar
Processing a deferred function: getchar
Processing a deferred function: getchar
SYMEX TIME: 0.038
All SSA steps: 122
Ignored SSA steps after slice: 47
SLICER TIME: 0
CONVERSION TIME: 0.006
; lia checker query time so far: 0.000000
;         0 |        0        0 |    1.127 s | 147.031 MB
/home/mabutalibov1271/scripts/regression.sh: line 1:  4717 Segmentation fault      (core dumped) ~/hifrog/trunk/cprover/build/hifrog --logic qflia --unwind 10 $i

*** USING INTERPOLATION AND SUMMARIES (DPRODUCE_PROOF is on) ***


*** EXECUTE WITH OPTIMIZATIONS (DDISABLE_OPTIMIZATIONS is off) ***

Loading `main2.c' ...
Parsing main2.c
file <command-line> line 0: <command-line>:0:0: warning: "__STDC_VERSION__" redefined
<built-in>: note: this is the location of the previous definition
Converting
Type-checking main2
file main2.c line 16 function main: function `assert' is not declared
Generating GOTO Program
Ignoring CPROVER library
Removal of function pointers and virtual functions
Generic Property Instrumentation
    LOAD Time: 1.063 sec.
Total number of claims in program...(1)
A specific claim is not set, nor any other claim specification is set.
Warrning: --claim is set to 1.
; Warning: disabling SATElite preprocessing to track proof
Adding Type Constraints (1) for type constraints on non-deterministic input
Use QF_LIA logic.
    Checking Claim #1 (100%) ...
*** INLINING function: __CPROVER_initialize
*** INLINING function: main
Processing a deferred function: __CPROVER_initialize
Processing a deferred function: main
*** INLINING function: x
Processing a deferred function: x
SYMEX TIME: 0.01
All SSA steps: 36
Ignored SSA steps after slice: 17
SLICER TIME: 0
CONVERSION TIME: 0.001
; lia checker query time so far: 0.000000
;         0 |        0        0 |    1.104 s | 146.902 MB
SOLVER TIME: 0.003
RESULT: UNSAT - it holds!
Skip generating interpolants
ASSERTION(S) HOLD(S) WITH FULL INLINE

VERIFICATION SUCCESSFUL
Initial unwinding bound: 10
Total number of steps: 1
TOTAL TIME FOR CHECKING THIS CLAIM: 0.014


Main Checked Assertion:
  file main2.c line 16 function main
  assertion
  i == return_value_x$1
#X: Done.

*** USING INTERPOLATION AND SUMMARIES (DPRODUCE_PROOF is on) ***


*** EXECUTE WITH OPTIMIZATIONS (DDISABLE_OPTIMIZATIONS is off) ***

Loading `main3.c' ...
Parsing main3.c
file <command-line> line 0: <command-line>:0:0: warning: "__STDC_VERSION__" redefined
<built-in>: note: this is the location of the previous definition
Converting
Type-checking main3
file main3.c line 23 function main: function `assert' is not declared
Generating GOTO Program
Ignoring CPROVER library
Removal of function pointers and virtual functions
Generic Property Instrumentation
    LOAD Time: 1.056 sec.
Total number of claims in program...(1)
A specific claim is not set, nor any other claim specification is set.
Warrning: --claim is set to 1.
; Warning: disabling SATElite preprocessing to track proof
Adding Type Constraints (1) for type constraints on non-deterministic input
Use QF_LIA logic.
    Checking Claim #1 (100%) ...
*** INLINING function: __CPROVER_initialize
*** INLINING function: main
Processing a deferred function: __CPROVER_initialize
Processing a deferred function: main
*** INLINING function: x
Processing a deferred function: x
SYMEX TIME: 0.015
All SSA steps: 47
Ignored SSA steps after slice: 20
SLICER TIME: 0.001
CONVERSION TIME: 0.003
; lia checker query time so far: 0.000000
;         0 |        0        0 |    1.113 s | 147.031 MB
;         0 |        0        0 |    1.119 s | 147.031 MB
SOLVER TIME: 0.008
RESULT: UNSAT - it holds!
Skip generating interpolants
ASSERTION(S) HOLD(S) WITH FULL INLINE

VERIFICATION SUCCESSFUL
Initial unwinding bound: 10
Total number of steps: 1
TOTAL TIME FOR CHECKING THIS CLAIM: 0.027


Main Checked Assertion:
  file main3.c line 23 function main
  assertion
  i == XXX || j == XXX
#X: Done.

*** USING INTERPOLATION AND SUMMARIES (DPRODUCE_PROOF is on) ***


*** EXECUTE WITH OPTIMIZATIONS (DDISABLE_OPTIMIZATIONS is off) ***

Loading `main4.c' ...
Parsing main4.c
file <command-line> line 0: <command-line>:0:0: warning: "__STDC_VERSION__" redefined
<built-in>: note: this is the location of the previous definition
Converting
Type-checking main4
file main4.c line 21 function main: function `assert' is not declared
Generating GOTO Program
Ignoring CPROVER library
Removal of function pointers and virtual functions
Generic Property Instrumentation
    LOAD Time: 1.077 sec.
Total number of claims in program...(1)
A specific claim is not set, nor any other claim specification is set.
Warrning: --claim is set to 1.
; Warning: disabling SATElite preprocessing to track proof
Adding Type Constraints (1) for type constraints on non-deterministic input
Use QF_LIA logic.
    Checking Claim #1 (100%) ...
*** INLINING function: __CPROVER_initialize
*** INLINING function: main
Processing a deferred function: __CPROVER_initialize
Processing a deferred function: main
*** INLINING function: x
Processing a deferred function: x
SYMEX TIME: 0.015
All SSA steps: 41
Ignored SSA steps after slice: 15
SLICER TIME: 0.001
CONVERSION TIME: 0.002
; lia checker query time so far: 0.000000
;         0 |        0        0 |    1.120 s | 147.031 MB
SOLVER TIME: 0.016
RESULT: UNSAT - it holds!
Skip generating interpolants
ASSERTION(S) HOLD(S) WITH FULL INLINE

VERIFICATION SUCCESSFUL
Initial unwinding bound: 10
Total number of steps: 1
TOTAL TIME FOR CHECKING THIS CLAIM: 0.035


Main Checked Assertion:
  file main4.c line 21 function main
  assertion
  i == XXX || j == XXX
#X: Done.

*** USING INTERPOLATION AND SUMMARIES (DPRODUCE_PROOF is on) ***


*** EXECUTE WITH OPTIMIZATIONS (DDISABLE_OPTIMIZATIONS is off) ***

Loading `main5.c' ...
Parsing main5.c
file <command-line> line 0: <command-line>:0:0: warning: "__STDC_VERSION__" redefined
<built-in>: note: this is the location of the previous definition
Converting
Type-checking main5
file main5.c line 49 function main: function `assert' is not declared
Generating GOTO Program
Ignoring CPROVER library
Removal of function pointers and virtual functions
Generic Property Instrumentation
    LOAD Time: 1.093 sec.
Total number of claims in program...(1)
A specific claim is not set, nor any other claim specification is set.
Warrning: --claim is set to 1.
; Warning: disabling SATElite preprocessing to track proof
Adding Type Constraints (1) for type constraints on non-deterministic input
Use QF_LIA logic.
    Checking Claim #1 (100%) ...
*** INLINING function: __CPROVER_initialize
*** INLINING function: main
Processing a deferred function: __CPROVER_initialize
Processing a deferred function: main
*** INLINING function: test2
*** INLINING function: test3
Processing a deferred function: test2
*** INLINING function: test1
Processing a deferred function: test3
*** INLINING function: test1
Processing a deferred function: test1
*** INLINING function: test
Processing a deferred function: test1
*** INLINING function: test
Processing a deferred function: test
Processing a deferred function: test
SYMEX TIME: 0.027
All SSA steps: 89
Ignored SSA steps after slice: 11
SLICER TIME: 0
CONVERSION TIME: 0.005
; lia checker query time so far: 0.000000
;         0 |        0        0 |    1.112 s | 147.160 MB
SOLVER TIME: 0.004
RESULT: SAT - doesn't hold
Building error trace

WARNING: Use over approximation. Cannot create an error trace.
         Use --logic with Different Logic to Try Creating an Error Trace.

A bug found.
WARNING: Possibly due to the Theory conversion.

VERIFICATION FAILED
Initial unwinding bound: 10
Total number of steps: 1
TOTAL TIME FOR CHECKING THIS CLAIM: 0.036


Main Checked Assertion:
  file main5.c line 49 function main
  assertion
  b < a
#X: Done.

*** USING INTERPOLATION AND SUMMARIES (DPRODUCE_PROOF is on) ***


*** EXECUTE WITH OPTIMIZATIONS (DDISABLE_OPTIMIZATIONS is off) ***

Loading `main6.c' ...
Parsing main6.c
file <command-line> line 0: <command-line>:0:0: warning: "__STDC_VERSION__" redefined
<built-in>: note: this is the location of the previous definition
Converting
Type-checking main6
file main6.c line 22 function main: function `assert' is not declared
Generating GOTO Program
Ignoring CPROVER library
Removal of function pointers and virtual functions
Generic Property Instrumentation
    LOAD Time: 1.009 sec.
Total number of claims in program...(1)
A specific claim is not set, nor any other claim specification is set.
Warrning: --claim is set to 1.
; Warning: disabling SATElite preprocessing to track proof
Adding Type Constraints (1) for type constraints on non-deterministic input
Use QF_LIA logic.
    Checking Claim #1 (100%) ...
*** INLINING function: __CPROVER_initialize
*** INLINING function: main
Processing a deferred function: __CPROVER_initialize
Processing a deferred function: main
*** INLINING function: max
Processing a deferred function: max
SYMEX TIME: 0.009
All SSA steps: 32
Ignored SSA steps after slice: 12
SLICER TIME: 0
CONVERSION TIME: 0.002
; lia checker query time so far: 0.000000
;         0 |        0        0 |    1.053 s | 147.031 MB
SOLVER TIME: 0.002
RESULT: UNSAT - it holds!
Skip generating interpolants
ASSERTION(S) HOLD(S) WITH FULL INLINE

VERIFICATION SUCCESSFUL
Initial unwinding bound: 10
Total number of steps: 1
TOTAL TIME FOR CHECKING THIS CLAIM: 0.013


Main Checked Assertion:
  file main6.c line 22 function main
  assertion
  a > 0
#X: Done.

*** USING INTERPOLATION AND SUMMARIES (DPRODUCE_PROOF is on) ***


*** EXECUTE WITH OPTIMIZATIONS (DDISABLE_OPTIMIZATIONS is off) ***

Loading `main7.c' ...
Parsing main7.c
file <command-line> line 0: <command-line>:0:0: warning: "__STDC_VERSION__" redefined
<built-in>: note: this is the location of the previous definition
Converting
Type-checking main7
file main7.c line 29 function main: function `assert' is not declared
Generating GOTO Program
Ignoring CPROVER library
Removal of function pointers and virtual functions
Generic Property Instrumentation
    LOAD Time: 1.04 sec.
Total number of claims in program...(1)
A specific claim is not set, nor any other claim specification is set.
Warrning: --claim is set to 1.
; Warning: disabling SATElite preprocessing to track proof
Adding Type Constraints (1) for type constraints on non-deterministic input
Use QF_LIA logic.
    Checking Claim #1 (100%) ...
*** INLINING function: __CPROVER_initialize
*** INLINING function: main
Processing a deferred function: __CPROVER_initialize
Processing a deferred function: main
*** INLINING function: max
*** INLINING function: count
Processing a deferred function: max
Processing a deferred function: count
SYMEX TIME: 0.017
All SSA steps: 43
Ignored SSA steps after slice: 13
SLICER TIME: 0
CONVERSION TIME: 0.002
; lia checker query time so far: 0.000000
;         0 |        0        0 |    1.098 s | 147.031 MB
SOLVER TIME: 0.003
RESULT: SAT - doesn't hold
Building error trace

WARNING: Use over approximation. Cannot create an error trace.
         Use --logic with Different Logic to Try Creating an Error Trace.

A bug found.
WARNING: Possibly due to the Theory conversion.

VERIFICATION FAILED
Initial unwinding bound: 10
Total number of steps: 1
TOTAL TIME FOR CHECKING THIS CLAIM: 0.022


Main Checked Assertion:
  file main7.c line 29 function main
  assertion
  s > 0
#X: Done.

*** USING INTERPOLATION AND SUMMARIES (DPRODUCE_PROOF is on) ***


*** EXECUTE WITH OPTIMIZATIONS (DDISABLE_OPTIMIZATIONS is off) ***

Loading `main8.c' ...
Parsing main8.c
file <command-line> line 0: <command-line>:0:0: warning: "__STDC_VERSION__" redefined
<built-in>: note: this is the location of the previous definition
Converting
Type-checking main8
file main8.c line 31 function main: function `assert' is not declared
Generating GOTO Program
Ignoring CPROVER library
Removal of function pointers and virtual functions
Generic Property Instrumentation
    LOAD Time: 1.062 sec.
Total number of claims in program...(1)
A specific claim is not set, nor any other claim specification is set.
Warrning: --claim is set to 1.
; Warning: disabling SATElite preprocessing to track proof
Adding Type Constraints (1) for type constraints on non-deterministic input
Use QF_LIA logic.
    Checking Claim #1 (100%) ...
*** INLINING function: __CPROVER_initialize
*** INLINING function: main
Processing a deferred function: __CPROVER_initialize
Processing a deferred function: main
*** INLINING function: max
Processing a deferred function: max
SYMEX TIME: 0.018
All SSA steps: 41
Ignored SSA steps after slice: 15
SLICER TIME: 0
CONVERSION TIME: 0.002
; lia checker query time so far: 0.000000
;         0 |        0        0 |    1.066 s | 147.031 MB
SOLVER TIME: 0.001
RESULT: SAT - doesn't hold
Building error trace

WARNING: Use over approximation. Cannot create an error trace.
         Use --logic with Different Logic to Try Creating an Error Trace.

A bug found.
WARNING: Possibly due to the Theory conversion.

VERIFICATION FAILED
Initial unwinding bound: 10
Total number of steps: 1
TOTAL TIME FOR CHECKING THIS CLAIM: 0.023


Main Checked Assertion:
  file main8.c line 31 function main
  assertion
  tmp_if_expr$1
#X: Done.
